[100%] Built target Node_publisher
-- Install configuration: ""
-- Up-to-date: /home/lin-jiatao/桌面/visual-assessment-freshman-artificial-intelligence-collage-linjiatao/src/ROS2/install/package_publisher/lib/package_publisher/Node_publisher
-- Up-to-date: /home/lin-jiatao/桌面/visual-assessment-freshman-artificial-intelligence-collage-linjiatao/src/ROS2/install/package_publisher/share/package_publisher/image
-- Up-to-date: /home/lin-jiatao/桌面/visual-assessment-freshman-artificial-intelligence-collage-linjiatao/src/ROS2/install/package_publisher/share/package_publisher/image/image.png
-- Up-to-date: /home/lin-jiatao/桌面/visual-assessment-freshman-artificial-intelligence-collage-linjiatao/src/ROS2/install/package_publisher/share/ament_index/resource_index/package_run_dependencies/package_publisher
-- Up-to-date: /home/lin-jiatao/桌面/visual-assessment-freshman-artificial-intelligence-collage-linjiatao/src/ROS2/install/package_publisher/share/ament_index/resource_index/parent_prefix_path/package_publisher
-- Up-to-date: /home/lin-jiatao/桌面/visual-assessment-freshman-artificial-intelligence-collage-linjiatao/src/ROS2/install/package_publisher/share/package_publisher/environment/ament_prefix_path.sh
-- Up-to-date: /home/lin-jiatao/桌面/visual-assessment-freshman-artificial-intelligence-collage-linjiatao/src/ROS2/install/package_publisher/share/package_publisher/environment/ament_prefix_path.dsv
-- Up-to-date: /home/lin-jiatao/桌面/visual-assessment-freshman-artificial-intelligence-collage-linjiatao/src/ROS2/install/package_publisher/share/package_publisher/environment/path.sh
-- Up-to-date: /home/lin-jiatao/桌面/visual-assessment-freshman-artificial-intelligence-collage-linjiatao/src/ROS2/install/package_publisher/share/package_publisher/environment/path.dsv
-- Up-to-date: /home/lin-jiatao/桌面/visual-assessment-freshman-artificial-intelligence-collage-linjiatao/src/ROS2/install/package_publisher/share/package_publisher/local_setup.bash
-- Up-to-date: /home/lin-jiatao/桌面/visual-assessment-freshman-artificial-intelligence-collage-linjiatao/src/ROS2/install/package_publisher/share/package_publisher/local_setup.sh
-- Up-to-date: /home/lin-jiatao/桌面/visual-assessment-freshman-artificial-intelligence-collage-linjiatao/src/ROS2/install/package_publisher/share/package_publisher/local_setup.zsh
-- Up-to-date: /home/lin-jiatao/桌面/visual-assessment-freshman-artificial-intelligence-collage-linjiatao/src/ROS2/install/package_publisher/share/package_publisher/local_setup.dsv
-- Installing: /home/lin-jiatao/桌面/visual-assessment-freshman-artificial-intelligence-collage-linjiatao/src/ROS2/install/package_publisher/share/package_publisher/package.dsv
-- Up-to-date: /home/lin-jiatao/桌面/visual-assessment-freshman-artificial-intelligence-collage-linjiatao/src/ROS2/install/package_publisher/share/ament_index/resource_index/packages/package_publisher
-- Up-to-date: /home/lin-jiatao/桌面/visual-assessment-freshman-artificial-intelligence-collage-linjiatao/src/ROS2/install/package_publisher/share/package_publisher/cmake/package_publisherConfig.cmake
-- Up-to-date: /home/lin-jiatao/桌面/visual-assessment-freshman-artificial-intelligence-collage-linjiatao/src/ROS2/install/package_publisher/share/package_publisher/cmake/package_publisherConfig-version.cmake
-- Up-to-date: /home/lin-jiatao/桌面/visual-assessment-freshman-artificial-intelligence-collage-linjiatao/src/ROS2/install/package_publisher/share/package_publisher/package.xml
