[0.513s] DEBUG:colcon:Command line arguments: ['/usr/bin/colcon', 'build', '--packages-select', 'package_subscriber']
[0.514s] DEBUG:colcon:Parsed command line arguments: Namespace(log_base=None, log_level=None, verb_name='build', build_base='build', install_base='install', merge_install=False, symlink_install=False, test_result_base=None, continue_on_error=False, executor='parallel', parallel_workers=4, event_handlers=None, ignore_user_meta=False, metas=['./colcon.meta'], base_paths=['.'], packages_ignore=None, packages_ignore_regex=None, paths=None, packages_up_to=None, packages_up_to_regex=None, packages_above=None, packages_above_and_dependencies=None, packages_above_depth=None, packages_select_by_dep=None, packages_skip_by_dep=None, packages_skip_up_to=None, packages_select_build_failed=False, packages_skip_build_finished=False, packages_select_test_failures=False, packages_skip_test_passed=False, packages_select=['package_subscriber'], packages_skip=None, packages_select_regex=None, packages_skip_regex=None, packages_start=None, packages_end=None, allow_overriding=[], cmake_args=None, cmake_target=None, cmake_target_skip_unavailable=False, cmake_clean_cache=False, cmake_clean_first=False, cmake_force_configure=False, ament_cmake_args=None, catkin_cmake_args=None, catkin_skip_building_tests=False, verb_parser=<colcon_defaults.argument_parser.defaults.DefaultArgumentsDecorator object at 0x7c25d431af60>, verb_extension=<colcon_core.verb.build.BuildVerb object at 0x7c25d44eae70>, main=<bound method BuildVerb.main of <colcon_core.verb.build.BuildVerb object at 0x7c25d44eae70>>)
[0.709s] Level 1:colcon.colcon_core.package_discovery:discover_packages(colcon_meta) check parameters
[0.709s] Level 1:colcon.colcon_core.package_discovery:discover_packages(recursive) check parameters
[0.709s] Level 1:colcon.colcon_core.package_discovery:discover_packages(ignore) check parameters
[0.709s] Level 1:colcon.colcon_core.package_discovery:discover_packages(path) check parameters
[0.709s] Level 1:colcon.colcon_core.package_discovery:discover_packages(colcon_meta) discover
[0.709s] Level 1:colcon.colcon_core.package_discovery:discover_packages(recursive) discover
[0.710s] INFO:colcon.colcon_core.package_discovery:Crawling recursively for packages in '/home/lin-jiatao/桌面/visual-assessment-freshman-artificial-intelligence-collage-linjiatao/src/ROS2'
[0.710s] Level 1:colcon.colcon_core.package_identification:_identify(.) by extensions ['ignore', 'ignore_ament_install']
[0.710s] Level 1:colcon.colcon_core.package_identification:_identify(.) by extension 'ignore'
[0.710s] Level 1:colcon.colcon_core.package_identification:_identify(.) by extension 'ignore_ament_install'
[0.710s] Level 1:colcon.colcon_core.package_identification:_identify(.) by extensions ['colcon_pkg']
[0.710s] Level 1:colcon.colcon_core.package_identification:_identify(.) by extension 'colcon_pkg'
[0.710s] Level 1:colcon.colcon_core.package_identification:_identify(.) by extensions ['colcon_meta']
[0.710s] Level 1:colcon.colcon_core.package_identification:_identify(.) by extension 'colcon_meta'
[0.710s] Level 1:colcon.colcon_core.package_identification:_identify(.) by extensions ['ros']
[0.710s] Level 1:colcon.colcon_core.package_identification:_identify(.) by extension 'ros'
[0.772s] Level 1:colcon.colcon_core.package_identification:_identify(.) by extensions ['cmake', 'python']
[0.773s] Level 1:colcon.colcon_core.package_identification:_identify(.) by extension 'cmake'
[0.773s] Level 1:colcon.colcon_core.package_identification:_identify(.) by extension 'python'
[0.773s] Level 1:colcon.colcon_core.package_identification:_identify(.) by extensions ['python_setup_py']
[0.773s] Level 1:colcon.colcon_core.package_identification:_identify(.) by extension 'python_setup_py'
[0.773s] Level 1:colcon.colcon_core.package_identification:_identify(build) by extensions ['ignore', 'ignore_ament_install']
[0.773s] Level 1:colcon.colcon_core.package_identification:_identify(build) by extension 'ignore'
[0.774s] Level 1:colcon.colcon_core.package_identification:_identify(build) ignored
[0.774s] Level 1:colcon.colcon_core.package_identification:_identify(install) by extensions ['ignore', 'ignore_ament_install']
[0.774s] Level 1:colcon.colcon_core.package_identification:_identify(install) by extension 'ignore'
[0.774s] Level 1:colcon.colcon_core.package_identification:_identify(install) ignored
[0.774s] Level 1:colcon.colcon_core.package_identification:_identify(log) by extensions ['ignore', 'ignore_ament_install']
[0.774s] Level 1:colcon.colcon_core.package_identification:_identify(log) by extension 'ignore'
[0.774s] Level 1:colcon.colcon_core.package_identification:_identify(log) ignored
[0.775s] Level 1:colcon.colcon_core.package_identification:_identify(package_publisher) by extensions ['ignore', 'ignore_ament_install']
[0.775s] Level 1:colcon.colcon_core.package_identification:_identify(package_publisher) by extension 'ignore'
[0.775s] Level 1:colcon.colcon_core.package_identification:_identify(package_publisher) by extension 'ignore_ament_install'
[0.775s] Level 1:colcon.colcon_core.package_identification:_identify(package_publisher) by extensions ['colcon_pkg']
[0.775s] Level 1:colcon.colcon_core.package_identification:_identify(package_publisher) by extension 'colcon_pkg'
[0.775s] Level 1:colcon.colcon_core.package_identification:_identify(package_publisher) by extensions ['colcon_meta']
[0.775s] Level 1:colcon.colcon_core.package_identification:_identify(package_publisher) by extension 'colcon_meta'
[0.775s] Level 1:colcon.colcon_core.package_identification:_identify(package_publisher) by extensions ['ros']
[0.775s] Level 1:colcon.colcon_core.package_identification:_identify(package_publisher) by extension 'ros'
[0.784s] DEBUG:colcon.colcon_core.package_identification:Package 'package_publisher' with type 'ros.ament_cmake' and name 'package_publisher'
[0.785s] Level 1:colcon.colcon_core.package_identification:_identify(package_subscriber) by extensions ['ignore', 'ignore_ament_install']
[0.785s] Level 1:colcon.colcon_core.package_identification:_identify(package_subscriber) by extension 'ignore'
[0.785s] Level 1:colcon.colcon_core.package_identification:_identify(package_subscriber) by extension 'ignore_ament_install'
[0.785s] Level 1:colcon.colcon_core.package_identification:_identify(package_subscriber) by extensions ['colcon_pkg']
[0.785s] Level 1:colcon.colcon_core.package_identification:_identify(package_subscriber) by extension 'colcon_pkg'
[0.785s] Level 1:colcon.colcon_core.package_identification:_identify(package_subscriber) by extensions ['colcon_meta']
[0.785s] Level 1:colcon.colcon_core.package_identification:_identify(package_subscriber) by extension 'colcon_meta'
[0.785s] Level 1:colcon.colcon_core.package_identification:_identify(package_subscriber) by extensions ['ros']
[0.785s] Level 1:colcon.colcon_core.package_identification:_identify(package_subscriber) by extension 'ros'
[0.787s] DEBUG:colcon.colcon_core.package_identification:Package 'package_subscriber' with type 'ros.ament_cmake' and name 'package_subscriber'
[0.787s] Level 1:colcon.colcon_core.package_discovery:discover_packages(recursive) using defaults
[0.788s] Level 1:colcon.colcon_core.package_discovery:discover_packages(ignore) discover
[0.788s] Level 1:colcon.colcon_core.package_discovery:discover_packages(ignore) using defaults
[0.788s] Level 1:colcon.colcon_core.package_discovery:discover_packages(path) discover
[0.788s] Level 1:colcon.colcon_core.package_discovery:discover_packages(path) using defaults
[0.840s] INFO:colcon.colcon_core.package_selection:Skipping not selected package 'package_publisher' in 'package_publisher'
[0.842s] Level 1:colcon.colcon_core.package_discovery:discover_packages(prefix_path) check parameters
[0.842s] Level 1:colcon.colcon_core.package_discovery:discover_packages(prefix_path) discover
[0.853s] DEBUG:colcon.colcon_installed_package_information.package_discovery:Found 287 installed packages in /opt/ros/jazzy
[0.855s] Level 1:colcon.colcon_core.package_discovery:discover_packages(prefix_path) using defaults
[0.943s] Level 5:colcon.colcon_core.verb:set package 'package_subscriber' build argument 'cmake_args' from command line to 'None'
[0.943s] Level 5:colcon.colcon_core.verb:set package 'package_subscriber' build argument 'cmake_target' from command line to 'None'
[0.943s] Level 5:colcon.colcon_core.verb:set package 'package_subscriber' build argument 'cmake_target_skip_unavailable' from command line to 'False'
[0.943s] Level 5:colcon.colcon_core.verb:set package 'package_subscriber' build argument 'cmake_clean_cache' from command line to 'False'
[0.943s] Level 5:colcon.colcon_core.verb:set package 'package_subscriber' build argument 'cmake_clean_first' from command line to 'False'
[0.943s] Level 5:colcon.colcon_core.verb:set package 'package_subscriber' build argument 'cmake_force_configure' from command line to 'False'
[0.943s] Level 5:colcon.colcon_core.verb:set package 'package_subscriber' build argument 'ament_cmake_args' from command line to 'None'
[0.943s] Level 5:colcon.colcon_core.verb:set package 'package_subscriber' build argument 'catkin_cmake_args' from command line to 'None'
[0.943s] Level 5:colcon.colcon_core.verb:set package 'package_subscriber' build argument 'catkin_skip_building_tests' from command line to 'False'
[0.943s] DEBUG:colcon.colcon_core.verb:Building package 'package_subscriber' with the following arguments: {'ament_cmake_args': None, 'build_base': '/home/lin-jiatao/桌面/visual-assessment-freshman-artificial-intelligence-collage-linjiatao/src/ROS2/build/package_subscriber', 'catkin_cmake_args': None, 'catkin_skip_building_tests': False, 'cmake_args': None, 'cmake_clean_cache': False, 'cmake_clean_first': False, 'cmake_force_configure': False, 'cmake_target': None, 'cmake_target_skip_unavailable': False, 'install_base': '/home/lin-jiatao/桌面/visual-assessment-freshman-artificial-intelligence-collage-linjiatao/src/ROS2/install/package_subscriber', 'merge_install': False, 'path': '/home/lin-jiatao/桌面/visual-assessment-freshman-artificial-intelligence-collage-linjiatao/src/ROS2/package_subscriber', 'symlink_install': False, 'test_result_base': None}
[0.943s] INFO:colcon.colcon_core.executor:Executing jobs using 'parallel' executor
[0.945s] DEBUG:colcon.colcon_parallel_executor.executor.parallel:run_until_complete
[0.945s] INFO:colcon.colcon_ros.task.ament_cmake.build:Building ROS package in '/home/lin-jiatao/桌面/visual-assessment-freshman-artificial-intelligence-collage-linjiatao/src/ROS2/package_subscriber' with build type 'ament_cmake'
[0.946s] INFO:colcon.colcon_cmake.task.cmake.build:Building CMake package in '/home/lin-jiatao/桌面/visual-assessment-freshman-artificial-intelligence-collage-linjiatao/src/ROS2/package_subscriber'
[0.959s] INFO:colcon.colcon_core.plugin_system:Skipping extension 'colcon_core.shell.bat': Not used on non-Windows systems
[0.960s] INFO:colcon.colcon_core.shell:Skip shell extension 'powershell' for command environment: Not usable outside of PowerShell
[0.960s] DEBUG:colcon.colcon_core.shell:Skip shell extension 'dsv' for command environment
[0.991s] DEBUG:colcon.colcon_core.event_handler.log_command:Invoking command in '/home/lin-jiatao/桌面/visual-assessment-freshman-artificial-intelligence-collage-linjiatao/src/ROS2/build/package_subscriber': CMAKE_PREFIX_PATH=${CMAKE_PREFIX_PATH}:/opt/ros/jazzy DEBUGINFOD_URLS=https://debuginfod.ubuntu.com /usr/bin/cmake --build /home/lin-jiatao/桌面/visual-assessment-freshman-artificial-intelligence-collage-linjiatao/src/ROS2/build/package_subscriber -- -j4 -l4
[45.054s] DEBUG:colcon.colcon_core.event_handler.log_command:Invoked command in '/home/lin-jiatao/桌面/visual-assessment-freshman-artificial-intelligence-collage-linjiatao/src/ROS2/build/package_subscriber' returned '0': CMAKE_PREFIX_PATH=${CMAKE_PREFIX_PATH}:/opt/ros/jazzy DEBUGINFOD_URLS=https://debuginfod.ubuntu.com /usr/bin/cmake --build /home/lin-jiatao/桌面/visual-assessment-freshman-artificial-intelligence-collage-linjiatao/src/ROS2/build/package_subscriber -- -j4 -l4
[45.181s] DEBUG:colcon.colcon_core.event_handler.log_command:Invoking command in '/home/lin-jiatao/桌面/visual-assessment-freshman-artificial-intelligence-collage-linjiatao/src/ROS2/build/package_subscriber': CMAKE_PREFIX_PATH=${CMAKE_PREFIX_PATH}:/opt/ros/jazzy DEBUGINFOD_URLS=https://debuginfod.ubuntu.com /usr/bin/cmake --install /home/lin-jiatao/桌面/visual-assessment-freshman-artificial-intelligence-collage-linjiatao/src/ROS2/build/package_subscriber
[45.307s] Level 1:colcon.colcon_core.environment:create_environment_scripts_only(package_subscriber)
[45.308s] DEBUG:colcon.colcon_core.event_handler.log_command:Invoked command in '/home/lin-jiatao/桌面/visual-assessment-freshman-artificial-intelligence-collage-linjiatao/src/ROS2/build/package_subscriber' returned '0': CMAKE_PREFIX_PATH=${CMAKE_PREFIX_PATH}:/opt/ros/jazzy DEBUGINFOD_URLS=https://debuginfod.ubuntu.com /usr/bin/cmake --install /home/lin-jiatao/桌面/visual-assessment-freshman-artificial-intelligence-collage-linjiatao/src/ROS2/build/package_subscriber
[45.376s] Level 1:colcon.colcon_core.environment:checking '/home/lin-jiatao/桌面/visual-assessment-freshman-artificial-intelligence-collage-linjiatao/src/ROS2/install/package_subscriber' for CMake module files
[45.381s] Level 1:colcon.colcon_core.environment:checking '/home/lin-jiatao/桌面/visual-assessment-freshman-artificial-intelligence-collage-linjiatao/src/ROS2/install/package_subscriber' for CMake config files
[45.388s] Level 1:colcon.colcon_core.shell:create_environment_hook('package_subscriber', 'cmake_prefix_path')
[45.393s] INFO:colcon.colcon_core.shell:Creating environment hook '/home/lin-jiatao/桌面/visual-assessment-freshman-artificial-intelligence-collage-linjiatao/src/ROS2/install/package_subscriber/share/package_subscriber/hook/cmake_prefix_path.ps1'
[45.439s] INFO:colcon.colcon_core.shell:Creating environment descriptor '/home/lin-jiatao/桌面/visual-assessment-freshman-artificial-intelligence-collage-linjiatao/src/ROS2/install/package_subscriber/share/package_subscriber/hook/cmake_prefix_path.dsv'
[45.444s] INFO:colcon.colcon_core.shell:Creating environment hook '/home/lin-jiatao/桌面/visual-assessment-freshman-artificial-intelligence-collage-linjiatao/src/ROS2/install/package_subscriber/share/package_subscriber/hook/cmake_prefix_path.sh'
[45.456s] Level 1:colcon.colcon_core.environment:checking '/home/lin-jiatao/桌面/visual-assessment-freshman-artificial-intelligence-collage-linjiatao/src/ROS2/install/package_subscriber/lib'
[45.457s] Level 1:colcon.colcon_core.environment:checking '/home/lin-jiatao/桌面/visual-assessment-freshman-artificial-intelligence-collage-linjiatao/src/ROS2/install/package_subscriber/bin'
[45.457s] Level 1:colcon.colcon_core.environment:checking '/home/lin-jiatao/桌面/visual-assessment-freshman-artificial-intelligence-collage-linjiatao/src/ROS2/install/package_subscriber/lib/pkgconfig/package_subscriber.pc'
[45.466s] Level 1:colcon.colcon_core.environment:checking '/home/lin-jiatao/桌面/visual-assessment-freshman-artificial-intelligence-collage-linjiatao/src/ROS2/install/package_subscriber/lib/python3.12/site-packages'
[45.467s] Level 1:colcon.colcon_core.environment:checking '/home/lin-jiatao/桌面/visual-assessment-freshman-artificial-intelligence-collage-linjiatao/src/ROS2/install/package_subscriber/bin'
[45.467s] INFO:colcon.colcon_core.shell:Creating package script '/home/lin-jiatao/桌面/visual-assessment-freshman-artificial-intelligence-collage-linjiatao/src/ROS2/install/package_subscriber/share/package_subscriber/package.ps1'
[45.474s] INFO:colcon.colcon_core.shell:Creating package descriptor '/home/lin-jiatao/桌面/visual-assessment-freshman-artificial-intelligence-collage-linjiatao/src/ROS2/install/package_subscriber/share/package_subscriber/package.dsv'
[45.476s] INFO:colcon.colcon_core.shell:Creating package script '/home/lin-jiatao/桌面/visual-assessment-freshman-artificial-intelligence-collage-linjiatao/src/ROS2/install/package_subscriber/share/package_subscriber/package.sh'
[45.483s] INFO:colcon.colcon_core.shell:Creating package script '/home/lin-jiatao/桌面/visual-assessment-freshman-artificial-intelligence-collage-linjiatao/src/ROS2/install/package_subscriber/share/package_subscriber/package.bash'
[45.490s] INFO:colcon.colcon_core.shell:Creating package script '/home/lin-jiatao/桌面/visual-assessment-freshman-artificial-intelligence-collage-linjiatao/src/ROS2/install/package_subscriber/share/package_subscriber/package.zsh'
[45.494s] Level 1:colcon.colcon_core.environment:create_file_with_runtime_dependencies(/home/lin-jiatao/桌面/visual-assessment-freshman-artificial-intelligence-collage-linjiatao/src/ROS2/install/package_subscriber/share/colcon-core/packages/package_subscriber)
[45.515s] Level 1:colcon.colcon_core.environment:create_environment_scripts_only(package_subscriber)
[45.517s] Level 1:colcon.colcon_core.environment:checking '/home/lin-jiatao/桌面/visual-assessment-freshman-artificial-intelligence-collage-linjiatao/src/ROS2/install/package_subscriber' for CMake module files
[45.519s] Level 1:colcon.colcon_core.environment:checking '/home/lin-jiatao/桌面/visual-assessment-freshman-artificial-intelligence-collage-linjiatao/src/ROS2/install/package_subscriber' for CMake config files
[45.520s] Level 1:colcon.colcon_core.shell:create_environment_hook('package_subscriber', 'cmake_prefix_path')
[45.522s] INFO:colcon.colcon_core.shell:Creating environment hook '/home/lin-jiatao/桌面/visual-assessment-freshman-artificial-intelligence-collage-linjiatao/src/ROS2/install/package_subscriber/share/package_subscriber/hook/cmake_prefix_path.ps1'
[45.524s] INFO:colcon.colcon_core.shell:Creating environment descriptor '/home/lin-jiatao/桌面/visual-assessment-freshman-artificial-intelligence-collage-linjiatao/src/ROS2/install/package_subscriber/share/package_subscriber/hook/cmake_prefix_path.dsv'
[45.525s] INFO:colcon.colcon_core.shell:Creating environment hook '/home/lin-jiatao/桌面/visual-assessment-freshman-artificial-intelligence-collage-linjiatao/src/ROS2/install/package_subscriber/share/package_subscriber/hook/cmake_prefix_path.sh'
[45.527s] Level 1:colcon.colcon_core.environment:checking '/home/lin-jiatao/桌面/visual-assessment-freshman-artificial-intelligence-collage-linjiatao/src/ROS2/install/package_subscriber/lib'
[45.527s] Level 1:colcon.colcon_core.environment:checking '/home/lin-jiatao/桌面/visual-assessment-freshman-artificial-intelligence-collage-linjiatao/src/ROS2/install/package_subscriber/bin'
[45.527s] Level 1:colcon.colcon_core.environment:checking '/home/lin-jiatao/桌面/visual-assessment-freshman-artificial-intelligence-collage-linjiatao/src/ROS2/install/package_subscriber/lib/pkgconfig/package_subscriber.pc'
[45.528s] Level 1:colcon.colcon_core.environment:checking '/home/lin-jiatao/桌面/visual-assessment-freshman-artificial-intelligence-collage-linjiatao/src/ROS2/install/package_subscriber/lib/python3.12/site-packages'
[45.529s] Level 1:colcon.colcon_core.environment:checking '/home/lin-jiatao/桌面/visual-assessment-freshman-artificial-intelligence-collage-linjiatao/src/ROS2/install/package_subscriber/bin'
[45.531s] INFO:colcon.colcon_core.shell:Creating package script '/home/lin-jiatao/桌面/visual-assessment-freshman-artificial-intelligence-collage-linjiatao/src/ROS2/install/package_subscriber/share/package_subscriber/package.ps1'
[45.534s] INFO:colcon.colcon_core.shell:Creating package descriptor '/home/lin-jiatao/桌面/visual-assessment-freshman-artificial-intelligence-collage-linjiatao/src/ROS2/install/package_subscriber/share/package_subscriber/package.dsv'
[45.544s] INFO:colcon.colcon_core.shell:Creating package script '/home/lin-jiatao/桌面/visual-assessment-freshman-artificial-intelligence-collage-linjiatao/src/ROS2/install/package_subscriber/share/package_subscriber/package.sh'
[45.552s] INFO:colcon.colcon_core.shell:Creating package script '/home/lin-jiatao/桌面/visual-assessment-freshman-artificial-intelligence-collage-linjiatao/src/ROS2/install/package_subscriber/share/package_subscriber/package.bash'
[45.562s] INFO:colcon.colcon_core.shell:Creating package script '/home/lin-jiatao/桌面/visual-assessment-freshman-artificial-intelligence-collage-linjiatao/src/ROS2/install/package_subscriber/share/package_subscriber/package.zsh'
[45.565s] Level 1:colcon.colcon_core.environment:create_file_with_runtime_dependencies(/home/lin-jiatao/桌面/visual-assessment-freshman-artificial-intelligence-collage-linjiatao/src/ROS2/install/package_subscriber/share/colcon-core/packages/package_subscriber)
[45.573s] DEBUG:colcon.colcon_parallel_executor.executor.parallel:closing loop
[45.593s] DEBUG:colcon.colcon_parallel_executor.executor.parallel:loop closed
[45.594s] DEBUG:colcon.colcon_parallel_executor.executor.parallel:run_until_complete finished with '0'
[45.597s] DEBUG:colcon.colcon_core.event_reactor:joining thread
[45.753s] INFO:colcon.colcon_core.plugin_system:Skipping extension 'colcon_notification.desktop_notification.terminal_notifier': Not used on non-Darwin systems
[45.753s] INFO:colcon.colcon_core.plugin_system:Skipping extension 'colcon_notification.desktop_notification.win32': Not used on non-Windows systems
[45.753s] INFO:colcon.colcon_notification.desktop_notification:Sending desktop notification using 'notify2'
[45.845s] DEBUG:colcon.colcon_core.event_reactor:joined thread
[45.856s] INFO:colcon.colcon_core.shell:Creating prefix script '/home/lin-jiatao/桌面/visual-assessment-freshman-artificial-intelligence-collage-linjiatao/src/ROS2/install/local_setup.ps1'
[45.862s] INFO:colcon.colcon_core.shell:Creating prefix util module '/home/lin-jiatao/桌面/visual-assessment-freshman-artificial-intelligence-collage-linjiatao/src/ROS2/install/_local_setup_util_ps1.py'
[45.866s] INFO:colcon.colcon_core.shell:Creating prefix chain script '/home/lin-jiatao/桌面/visual-assessment-freshman-artificial-intelligence-collage-linjiatao/src/ROS2/install/setup.ps1'
[45.871s] INFO:colcon.colcon_core.shell:Creating prefix script '/home/lin-jiatao/桌面/visual-assessment-freshman-artificial-intelligence-collage-linjiatao/src/ROS2/install/local_setup.sh'
[45.875s] INFO:colcon.colcon_core.shell:Creating prefix util module '/home/lin-jiatao/桌面/visual-assessment-freshman-artificial-intelligence-collage-linjiatao/src/ROS2/install/_local_setup_util_sh.py'
[45.880s] INFO:colcon.colcon_core.shell:Creating prefix chain script '/home/lin-jiatao/桌面/visual-assessment-freshman-artificial-intelligence-collage-linjiatao/src/ROS2/install/setup.sh'
[45.885s] INFO:colcon.colcon_core.shell:Creating prefix script '/home/lin-jiatao/桌面/visual-assessment-freshman-artificial-intelligence-collage-linjiatao/src/ROS2/install/local_setup.bash'
[45.889s] INFO:colcon.colcon_core.shell:Creating prefix chain script '/home/lin-jiatao/桌面/visual-assessment-freshman-artificial-intelligence-collage-linjiatao/src/ROS2/install/setup.bash'
[45.900s] INFO:colcon.colcon_core.shell:Creating prefix script '/home/lin-jiatao/桌面/visual-assessment-freshman-artificial-intelligence-collage-linjiatao/src/ROS2/install/local_setup.zsh'
[45.901s] INFO:colcon.colcon_core.shell:Creating prefix chain script '/home/lin-jiatao/桌面/visual-assessment-freshman-artificial-intelligence-collage-linjiatao/src/ROS2/install/setup.zsh'
