[0.063s] Invoking command in '/home/lin-jiatao/桌面/visual-assessment-freshman-artificial-intelligence-collage-linjiatao/src/ROS2/build/package_publisher': CMAKE_PREFIX_PATH=${CMAKE_PREFIX_PATH}:/opt/ros/jazzy DEBUGINFOD_URLS=https://debuginfod.ubuntu.com /usr/bin/cmake --build /home/lin-jiatao/桌面/visual-assessment-freshman-artificial-intelligence-collage-linjiatao/src/ROS2/build/package_publisher -- -j4 -l4
[0.589s] [ 50%] [32mBuilding CXX object CMakeFiles/Node_publisher.dir/src/Node_publisher.cpp.o[0m
[16.340s] [100%] [32m[1mLinking CXX executable Node_publisher[0m
[18.144s] [100%] Built target Node_publisher
[18.174s] Invoked command in '/home/lin-jiatao/桌面/visual-assessment-freshman-artificial-intelligence-collage-linjiatao/src/ROS2/build/package_publisher' returned '0': CMAKE_PREFIX_PATH=${CMAKE_PREFIX_PATH}:/opt/ros/jazzy DEBUGINFOD_URLS=https://debuginfod.ubuntu.com /usr/bin/cmake --build /home/lin-jiatao/桌面/visual-assessment-freshman-artificial-intelligence-collage-linjiatao/src/ROS2/build/package_publisher -- -j4 -l4
[18.227s] Invoking command in '/home/lin-jiatao/桌面/visual-assessment-freshman-artificial-intelligence-collage-linjiatao/src/ROS2/build/package_publisher': CMAKE_PREFIX_PATH=${CMAKE_PREFIX_PATH}:/opt/ros/jazzy DEBUGINFOD_URLS=https://debuginfod.ubuntu.com /usr/bin/cmake --install /home/lin-jiatao/桌面/visual-assessment-freshman-artificial-intelligence-collage-linjiatao/src/ROS2/build/package_publisher
[18.248s] -- Install configuration: ""
[18.250s] -- Installing: /home/lin-jiatao/桌面/visual-assessment-freshman-artificial-intelligence-collage-linjiatao/src/ROS2/install/package_publisher/lib/package_publisher/Node_publisher
[18.258s] -- Set non-toolchain portion of runtime path of "/home/lin-jiatao/桌面/visual-assessment-freshman-artificial-intelligence-collage-linjiatao/src/ROS2/install/package_publisher/lib/package_publisher/Node_publisher" to ""
[18.258s] -- Up-to-date: /home/lin-jiatao/桌面/visual-assessment-freshman-artificial-intelligence-collage-linjiatao/src/ROS2/install/package_publisher/share/package_publisher/image
[18.259s] -- Up-to-date: /home/lin-jiatao/桌面/visual-assessment-freshman-artificial-intelligence-collage-linjiatao/src/ROS2/install/package_publisher/share/package_publisher/image/image.png
[18.259s] -- Up-to-date: /home/lin-jiatao/桌面/visual-assessment-freshman-artificial-intelligence-collage-linjiatao/src/ROS2/install/package_publisher/share/ament_index/resource_index/package_run_dependencies/package_publisher
[18.260s] -- Up-to-date: /home/lin-jiatao/桌面/visual-assessment-freshman-artificial-intelligence-collage-linjiatao/src/ROS2/install/package_publisher/share/ament_index/resource_index/parent_prefix_path/package_publisher
[18.261s] -- Up-to-date: /home/lin-jiatao/桌面/visual-assessment-freshman-artificial-intelligence-collage-linjiatao/src/ROS2/install/package_publisher/share/package_publisher/environment/ament_prefix_path.sh
[18.261s] -- Up-to-date: /home/lin-jiatao/桌面/visual-assessment-freshman-artificial-intelligence-collage-linjiatao/src/ROS2/install/package_publisher/share/package_publisher/environment/ament_prefix_path.dsv
[18.261s] -- Up-to-date: /home/lin-jiatao/桌面/visual-assessment-freshman-artificial-intelligence-collage-linjiatao/src/ROS2/install/package_publisher/share/package_publisher/environment/path.sh
[18.262s] -- Up-to-date: /home/lin-jiatao/桌面/visual-assessment-freshman-artificial-intelligence-collage-linjiatao/src/ROS2/install/package_publisher/share/package_publisher/environment/path.dsv
[18.262s] -- Up-to-date: /home/lin-jiatao/桌面/visual-assessment-freshman-artificial-intelligence-collage-linjiatao/src/ROS2/install/package_publisher/share/package_publisher/local_setup.bash
[18.262s] -- Up-to-date: /home/lin-jiatao/桌面/visual-assessment-freshman-artificial-intelligence-collage-linjiatao/src/ROS2/install/package_publisher/share/package_publisher/local_setup.sh
[18.264s] -- Up-to-date: /home/lin-jiatao/桌面/visual-assessment-freshman-artificial-intelligence-collage-linjiatao/src/ROS2/install/package_publisher/share/package_publisher/local_setup.zsh
[18.265s] -- Up-to-date: /home/lin-jiatao/桌面/visual-assessment-freshman-artificial-intelligence-collage-linjiatao/src/ROS2/install/package_publisher/share/package_publisher/local_setup.dsv
[18.265s] -- Installing: /home/lin-jiatao/桌面/visual-assessment-freshman-artificial-intelligence-collage-linjiatao/src/ROS2/install/package_publisher/share/package_publisher/package.dsv
[18.266s] -- Up-to-date: /home/lin-jiatao/桌面/visual-assessment-freshman-artificial-intelligence-collage-linjiatao/src/ROS2/install/package_publisher/share/ament_index/resource_index/packages/package_publisher
[18.268s] -- Up-to-date: /home/lin-jiatao/桌面/visual-assessment-freshman-artificial-intelligence-collage-linjiatao/src/ROS2/install/package_publisher/share/package_publisher/cmake/package_publisherConfig.cmake
[18.268s] -- Up-to-date: /home/lin-jiatao/桌面/visual-assessment-freshman-artificial-intelligence-collage-linjiatao/src/ROS2/install/package_publisher/share/package_publisher/cmake/package_publisherConfig-version.cmake
[18.268s] -- Up-to-date: /home/lin-jiatao/桌面/visual-assessment-freshman-artificial-intelligence-collage-linjiatao/src/ROS2/install/package_publisher/share/package_publisher/package.xml
[18.276s] Invoked command in '/home/lin-jiatao/桌面/visual-assessment-freshman-artificial-intelligence-collage-linjiatao/src/ROS2/build/package_publisher' returned '0': CMAKE_PREFIX_PATH=${CMAKE_PREFIX_PATH}:/opt/ros/jazzy DEBUGINFOD_URLS=https://debuginfod.ubuntu.com /usr/bin/cmake --install /home/lin-jiatao/桌面/visual-assessment-freshman-artificial-intelligence-collage-linjiatao/src/ROS2/build/package_publisher
