[0.086s] Invoking command in '/home/lin-jiatao/桌面/visual-assessment-freshman-artificial-intelligence-collage-linjiatao/src/ROS2/build/package_publisher': CMAKE_PREFIX_PATH=${CMAKE_PREFIX_PATH}:/opt/ros/jazzy DEBUGINFOD_URLS=https://debuginfod.ubuntu.com /usr/bin/cmake --build /home/lin-jiatao/桌面/visual-assessment-freshman-artificial-intelligence-collage-linjiatao/src/ROS2/build/package_publisher -- -j4 -l4
[0.706s] [ 50%] [32mBuilding CXX object CMakeFiles/Node_publisher.dir/src/Node_publisher.cpp.o[0m
[26.828s] [100%] [32m[1mLinking CXX executable Node_publisher[0m
[28.745s] [100%] Built target Node_publisher
[28.776s] Invoked command in '/home/lin-jiatao/桌面/visual-assessment-freshman-artificial-intelligence-collage-linjiatao/src/ROS2/build/package_publisher' returned '0': CMAKE_PREFIX_PATH=${CMAKE_PREFIX_PATH}:/opt/ros/jazzy DEBUGINFOD_URLS=https://debuginfod.ubuntu.com /usr/bin/cmake --build /home/lin-jiatao/桌面/visual-assessment-freshman-artificial-intelligence-collage-linjiatao/src/ROS2/build/package_publisher -- -j4 -l4
[28.818s] Invoking command in '/home/lin-jiatao/桌面/visual-assessment-freshman-artificial-intelligence-collage-linjiatao/src/ROS2/build/package_publisher': CMAKE_PREFIX_PATH=${CMAKE_PREFIX_PATH}:/opt/ros/jazzy DEBUGINFOD_URLS=https://debuginfod.ubuntu.com /usr/bin/cmake --install /home/lin-jiatao/桌面/visual-assessment-freshman-artificial-intelligence-collage-linjiatao/src/ROS2/build/package_publisher
[28.837s] -- Install configuration: ""
[28.841s] -- Installing: /home/lin-jiatao/桌面/visual-assessment-freshman-artificial-intelligence-collage-linjiatao/src/ROS2/install/package_publisher/lib/package_publisher/Node_publisher
[28.846s] -- Set non-toolchain portion of runtime path of "/home/lin-jiatao/桌面/visual-assessment-freshman-artificial-intelligence-collage-linjiatao/src/ROS2/install/package_publisher/lib/package_publisher/Node_publisher" to ""
[28.847s] -- Up-to-date: /home/lin-jiatao/桌面/visual-assessment-freshman-artificial-intelligence-collage-linjiatao/src/ROS2/install/package_publisher/share/package_publisher/image
[28.847s] -- Up-to-date: /home/lin-jiatao/桌面/visual-assessment-freshman-artificial-intelligence-collage-linjiatao/src/ROS2/install/package_publisher/share/package_publisher/image/image.png
[28.849s] -- Up-to-date: /home/lin-jiatao/桌面/visual-assessment-freshman-artificial-intelligence-collage-linjiatao/src/ROS2/install/package_publisher/share/ament_index/resource_index/package_run_dependencies/package_publisher
[28.850s] -- Up-to-date: /home/lin-jiatao/桌面/visual-assessment-freshman-artificial-intelligence-collage-linjiatao/src/ROS2/install/package_publisher/share/ament_index/resource_index/parent_prefix_path/package_publisher
[28.851s] -- Up-to-date: /home/lin-jiatao/桌面/visual-assessment-freshman-artificial-intelligence-collage-linjiatao/src/ROS2/install/package_publisher/share/package_publisher/environment/ament_prefix_path.sh
[28.851s] -- Up-to-date: /home/lin-jiatao/桌面/visual-assessment-freshman-artificial-intelligence-collage-linjiatao/src/ROS2/install/package_publisher/share/package_publisher/environment/ament_prefix_path.dsv
[28.851s] -- Up-to-date: /home/lin-jiatao/桌面/visual-assessment-freshman-artificial-intelligence-collage-linjiatao/src/ROS2/install/package_publisher/share/package_publisher/environment/path.sh
[28.852s] -- Up-to-date: /home/lin-jiatao/桌面/visual-assessment-freshman-artificial-intelligence-collage-linjiatao/src/ROS2/install/package_publisher/share/package_publisher/environment/path.dsv
[28.852s] -- Up-to-date: /home/lin-jiatao/桌面/visual-assessment-freshman-artificial-intelligence-collage-linjiatao/src/ROS2/install/package_publisher/share/package_publisher/local_setup.bash
[28.852s] -- Up-to-date: /home/lin-jiatao/桌面/visual-assessment-freshman-artificial-intelligence-collage-linjiatao/src/ROS2/install/package_publisher/share/package_publisher/local_setup.sh
[28.853s] -- Up-to-date: /home/lin-jiatao/桌面/visual-assessment-freshman-artificial-intelligence-collage-linjiatao/src/ROS2/install/package_publisher/share/package_publisher/local_setup.zsh
[28.853s] -- Up-to-date: /home/lin-jiatao/桌面/visual-assessment-freshman-artificial-intelligence-collage-linjiatao/src/ROS2/install/package_publisher/share/package_publisher/local_setup.dsv
[28.853s] -- Installing: /home/lin-jiatao/桌面/visual-assessment-freshman-artificial-intelligence-collage-linjiatao/src/ROS2/install/package_publisher/share/package_publisher/package.dsv
[28.856s] -- Up-to-date: /home/lin-jiatao/桌面/visual-assessment-freshman-artificial-intelligence-collage-linjiatao/src/ROS2/install/package_publisher/share/ament_index/resource_index/packages/package_publisher
[28.856s] -- Up-to-date: /home/lin-jiatao/桌面/visual-assessment-freshman-artificial-intelligence-collage-linjiatao/src/ROS2/install/package_publisher/share/package_publisher/cmake/package_publisherConfig.cmake
[28.857s] -- Up-to-date: /home/lin-jiatao/桌面/visual-assessment-freshman-artificial-intelligence-collage-linjiatao/src/ROS2/install/package_publisher/share/package_publisher/cmake/package_publisherConfig-version.cmake
[28.857s] -- Up-to-date: /home/lin-jiatao/桌面/visual-assessment-freshman-artificial-intelligence-collage-linjiatao/src/ROS2/install/package_publisher/share/package_publisher/package.xml
[28.865s] Invoked command in '/home/lin-jiatao/桌面/visual-assessment-freshman-artificial-intelligence-collage-linjiatao/src/ROS2/build/package_publisher' returned '0': CMAKE_PREFIX_PATH=${CMAKE_PREFIX_PATH}:/opt/ros/jazzy DEBUGINFOD_URLS=https://debuginfod.ubuntu.com /usr/bin/cmake --install /home/lin-jiatao/桌面/visual-assessment-freshman-artificial-intelligence-collage-linjiatao/src/ROS2/build/package_publisher
