[0.379s] DEBUG:colcon:Command line arguments: ['/usr/bin/colcon', 'build', '--packages-select', 'package_subscriber']
[0.379s] DEBUG:colcon:Parsed command line arguments: Namespace(log_base=None, log_level=None, verb_name='build', build_base='build', install_base='install', merge_install=False, symlink_install=False, test_result_base=None, continue_on_error=False, executor='parallel', parallel_workers=4, event_handlers=None, ignore_user_meta=False, metas=['./colcon.meta'], base_paths=['.'], packages_ignore=None, packages_ignore_regex=None, paths=None, packages_up_to=None, packages_up_to_regex=None, packages_above=None, packages_above_and_dependencies=None, packages_above_depth=None, packages_select_by_dep=None, packages_skip_by_dep=None, packages_skip_up_to=None, packages_select_build_failed=False, packages_skip_build_finished=False, packages_select_test_failures=False, packages_skip_test_passed=False, packages_select=['package_subscriber'], packages_skip=None, packages_select_regex=None, packages_skip_regex=None, packages_start=None, packages_end=None, allow_overriding=[], cmake_args=None, cmake_target=None, cmake_target_skip_unavailable=False, cmake_clean_cache=False, cmake_clean_first=False, cmake_force_configure=False, ament_cmake_args=None, catkin_cmake_args=None, catkin_skip_building_tests=False, verb_parser=<colcon_defaults.argument_parser.defaults.DefaultArgumentsDecorator object at 0x7921ea51adb0>, verb_extension=<colcon_core.verb.build.BuildVerb object at 0x7921ea6a59a0>, main=<bound method BuildVerb.main of <colcon_core.verb.build.BuildVerb object at 0x7921ea6a59a0>>)
[0.549s] Level 1:colcon.colcon_core.package_discovery:discover_packages(colcon_meta) check parameters
[0.549s] Level 1:colcon.colcon_core.package_discovery:discover_packages(recursive) check parameters
[0.549s] Level 1:colcon.colcon_core.package_discovery:discover_packages(ignore) check parameters
[0.549s] Level 1:colcon.colcon_core.package_discovery:discover_packages(path) check parameters
[0.549s] Level 1:colcon.colcon_core.package_discovery:discover_packages(colcon_meta) discover
[0.549s] Level 1:colcon.colcon_core.package_discovery:discover_packages(recursive) discover
[0.549s] INFO:colcon.colcon_core.package_discovery:Crawling recursively for packages in '/home/lin-jiatao/桌面/visual-assessment-freshman-artificial-intelligence-collage-linjiatao/src/ROS2'
[0.550s] Level 1:colcon.colcon_core.package_identification:_identify(.) by extensions ['ignore', 'ignore_ament_install']
[0.550s] Level 1:colcon.colcon_core.package_identification:_identify(.) by extension 'ignore'
[0.550s] Level 1:colcon.colcon_core.package_identification:_identify(.) by extension 'ignore_ament_install'
[0.550s] Level 1:colcon.colcon_core.package_identification:_identify(.) by extensions ['colcon_pkg']
[0.550s] Level 1:colcon.colcon_core.package_identification:_identify(.) by extension 'colcon_pkg'
[0.550s] Level 1:colcon.colcon_core.package_identification:_identify(.) by extensions ['colcon_meta']
[0.550s] Level 1:colcon.colcon_core.package_identification:_identify(.) by extension 'colcon_meta'
[0.551s] Level 1:colcon.colcon_core.package_identification:_identify(.) by extensions ['ros']
[0.551s] Level 1:colcon.colcon_core.package_identification:_identify(.) by extension 'ros'
[0.619s] Level 1:colcon.colcon_core.package_identification:_identify(.) by extensions ['cmake', 'python']
[0.619s] Level 1:colcon.colcon_core.package_identification:_identify(.) by extension 'cmake'
[0.620s] Level 1:colcon.colcon_core.package_identification:_identify(.) by extension 'python'
[0.620s] Level 1:colcon.colcon_core.package_identification:_identify(.) by extensions ['python_setup_py']
[0.620s] Level 1:colcon.colcon_core.package_identification:_identify(.) by extension 'python_setup_py'
[0.620s] Level 1:colcon.colcon_core.package_identification:_identify(build) by extensions ['ignore', 'ignore_ament_install']
[0.620s] Level 1:colcon.colcon_core.package_identification:_identify(build) by extension 'ignore'
[0.620s] Level 1:colcon.colcon_core.package_identification:_identify(build) ignored
[0.621s] Level 1:colcon.colcon_core.package_identification:_identify(install) by extensions ['ignore', 'ignore_ament_install']
[0.621s] Level 1:colcon.colcon_core.package_identification:_identify(install) by extension 'ignore'
[0.621s] Level 1:colcon.colcon_core.package_identification:_identify(install) ignored
[0.622s] Level 1:colcon.colcon_core.package_identification:_identify(log) by extensions ['ignore', 'ignore_ament_install']
[0.622s] Level 1:colcon.colcon_core.package_identification:_identify(log) by extension 'ignore'
[0.623s] Level 1:colcon.colcon_core.package_identification:_identify(log) ignored
[0.623s] Level 1:colcon.colcon_core.package_identification:_identify(package_publisher) by extensions ['ignore', 'ignore_ament_install']
[0.624s] Level 1:colcon.colcon_core.package_identification:_identify(package_publisher) by extension 'ignore'
[0.624s] Level 1:colcon.colcon_core.package_identification:_identify(package_publisher) by extension 'ignore_ament_install'
[0.624s] Level 1:colcon.colcon_core.package_identification:_identify(package_publisher) by extensions ['colcon_pkg']
[0.624s] Level 1:colcon.colcon_core.package_identification:_identify(package_publisher) by extension 'colcon_pkg'
[0.624s] Level 1:colcon.colcon_core.package_identification:_identify(package_publisher) by extensions ['colcon_meta']
[0.624s] Level 1:colcon.colcon_core.package_identification:_identify(package_publisher) by extension 'colcon_meta'
[0.624s] Level 1:colcon.colcon_core.package_identification:_identify(package_publisher) by extensions ['ros']
[0.624s] Level 1:colcon.colcon_core.package_identification:_identify(package_publisher) by extension 'ros'
[0.633s] DEBUG:colcon.colcon_core.package_identification:Package 'package_publisher' with type 'ros.ament_cmake' and name 'package_publisher'
[0.634s] Level 1:colcon.colcon_core.package_identification:_identify(package_subscriber) by extensions ['ignore', 'ignore_ament_install']
[0.634s] Level 1:colcon.colcon_core.package_identification:_identify(package_subscriber) by extension 'ignore'
[0.634s] Level 1:colcon.colcon_core.package_identification:_identify(package_subscriber) by extension 'ignore_ament_install'
[0.634s] Level 1:colcon.colcon_core.package_identification:_identify(package_subscriber) by extensions ['colcon_pkg']
[0.634s] Level 1:colcon.colcon_core.package_identification:_identify(package_subscriber) by extension 'colcon_pkg'
[0.634s] Level 1:colcon.colcon_core.package_identification:_identify(package_subscriber) by extensions ['colcon_meta']
[0.634s] Level 1:colcon.colcon_core.package_identification:_identify(package_subscriber) by extension 'colcon_meta'
[0.634s] Level 1:colcon.colcon_core.package_identification:_identify(package_subscriber) by extensions ['ros']
[0.634s] Level 1:colcon.colcon_core.package_identification:_identify(package_subscriber) by extension 'ros'
[0.636s] DEBUG:colcon.colcon_core.package_identification:Package 'package_subscriber' with type 'ros.ament_cmake' and name 'package_subscriber'
[0.636s] Level 1:colcon.colcon_core.package_discovery:discover_packages(recursive) using defaults
[0.637s] Level 1:colcon.colcon_core.package_discovery:discover_packages(ignore) discover
[0.637s] Level 1:colcon.colcon_core.package_discovery:discover_packages(ignore) using defaults
[0.637s] Level 1:colcon.colcon_core.package_discovery:discover_packages(path) discover
[0.637s] Level 1:colcon.colcon_core.package_discovery:discover_packages(path) using defaults
[0.688s] INFO:colcon.colcon_core.package_selection:Skipping not selected package 'package_publisher' in 'package_publisher'
[0.690s] Level 1:colcon.colcon_core.package_discovery:discover_packages(prefix_path) check parameters
[0.690s] Level 1:colcon.colcon_core.package_discovery:discover_packages(prefix_path) discover
[0.697s] DEBUG:colcon.colcon_installed_package_information.package_discovery:Found 2 installed packages in /home/lin-jiatao/桌面/visual-assessment-freshman-artificial-intelligence-collage-linjiatao/src/ROS2/install
[0.701s] DEBUG:colcon.colcon_installed_package_information.package_discovery:Found 287 installed packages in /opt/ros/jazzy
[0.702s] Level 1:colcon.colcon_core.package_discovery:discover_packages(prefix_path) using defaults
[0.788s] Level 5:colcon.colcon_core.verb:set package 'package_subscriber' build argument 'cmake_args' from command line to 'None'
[0.788s] Level 5:colcon.colcon_core.verb:set package 'package_subscriber' build argument 'cmake_target' from command line to 'None'
[0.788s] Level 5:colcon.colcon_core.verb:set package 'package_subscriber' build argument 'cmake_target_skip_unavailable' from command line to 'False'
[0.789s] Level 5:colcon.colcon_core.verb:set package 'package_subscriber' build argument 'cmake_clean_cache' from command line to 'False'
[0.789s] Level 5:colcon.colcon_core.verb:set package 'package_subscriber' build argument 'cmake_clean_first' from command line to 'False'
[0.789s] Level 5:colcon.colcon_core.verb:set package 'package_subscriber' build argument 'cmake_force_configure' from command line to 'False'
[0.789s] Level 5:colcon.colcon_core.verb:set package 'package_subscriber' build argument 'ament_cmake_args' from command line to 'None'
[0.789s] Level 5:colcon.colcon_core.verb:set package 'package_subscriber' build argument 'catkin_cmake_args' from command line to 'None'
[0.789s] Level 5:colcon.colcon_core.verb:set package 'package_subscriber' build argument 'catkin_skip_building_tests' from command line to 'False'
[0.789s] DEBUG:colcon.colcon_core.verb:Building package 'package_subscriber' with the following arguments: {'ament_cmake_args': None, 'build_base': '/home/lin-jiatao/桌面/visual-assessment-freshman-artificial-intelligence-collage-linjiatao/src/ROS2/build/package_subscriber', 'catkin_cmake_args': None, 'catkin_skip_building_tests': False, 'cmake_args': None, 'cmake_clean_cache': False, 'cmake_clean_first': False, 'cmake_force_configure': False, 'cmake_target': None, 'cmake_target_skip_unavailable': False, 'install_base': '/home/lin-jiatao/桌面/visual-assessment-freshman-artificial-intelligence-collage-linjiatao/src/ROS2/install/package_subscriber', 'merge_install': False, 'path': '/home/lin-jiatao/桌面/visual-assessment-freshman-artificial-intelligence-collage-linjiatao/src/ROS2/package_subscriber', 'symlink_install': False, 'test_result_base': None}
[0.789s] INFO:colcon.colcon_core.executor:Executing jobs using 'parallel' executor
[0.791s] DEBUG:colcon.colcon_parallel_executor.executor.parallel:run_until_complete
[0.792s] INFO:colcon.colcon_ros.task.ament_cmake.build:Building ROS package in '/home/lin-jiatao/桌面/visual-assessment-freshman-artificial-intelligence-collage-linjiatao/src/ROS2/package_subscriber' with build type 'ament_cmake'
[0.792s] INFO:colcon.colcon_cmake.task.cmake.build:Building CMake package in '/home/lin-jiatao/桌面/visual-assessment-freshman-artificial-intelligence-collage-linjiatao/src/ROS2/package_subscriber'
[0.801s] INFO:colcon.colcon_core.plugin_system:Skipping extension 'colcon_core.shell.bat': Not used on non-Windows systems
[0.802s] INFO:colcon.colcon_core.shell:Skip shell extension 'powershell' for command environment: Not usable outside of PowerShell
[0.802s] DEBUG:colcon.colcon_core.shell:Skip shell extension 'dsv' for command environment
[0.833s] DEBUG:colcon.colcon_core.event_handler.log_command:Invoking command in '/home/lin-jiatao/桌面/visual-assessment-freshman-artificial-intelligence-collage-linjiatao/src/ROS2/build/package_subscriber': CMAKE_PREFIX_PATH=${CMAKE_PREFIX_PATH}:/opt/ros/jazzy DEBUGINFOD_URLS=https://debuginfod.ubuntu.com /usr/bin/cmake --build /home/lin-jiatao/桌面/visual-assessment-freshman-artificial-intelligence-collage-linjiatao/src/ROS2/build/package_subscriber -- -j4 -l4
[50.304s] DEBUG:colcon.colcon_core.event_handler.log_command:Invoked command in '/home/lin-jiatao/桌面/visual-assessment-freshman-artificial-intelligence-collage-linjiatao/src/ROS2/build/package_subscriber' returned '0': CMAKE_PREFIX_PATH=${CMAKE_PREFIX_PATH}:/opt/ros/jazzy DEBUGINFOD_URLS=https://debuginfod.ubuntu.com /usr/bin/cmake --build /home/lin-jiatao/桌面/visual-assessment-freshman-artificial-intelligence-collage-linjiatao/src/ROS2/build/package_subscriber -- -j4 -l4
[50.614s] DEBUG:colcon.colcon_core.event_handler.log_command:Invoking command in '/home/lin-jiatao/桌面/visual-assessment-freshman-artificial-intelligence-collage-linjiatao/src/ROS2/build/package_subscriber': CMAKE_PREFIX_PATH=${CMAKE_PREFIX_PATH}:/opt/ros/jazzy DEBUGINFOD_URLS=https://debuginfod.ubuntu.com /usr/bin/cmake --install /home/lin-jiatao/桌面/visual-assessment-freshman-artificial-intelligence-collage-linjiatao/src/ROS2/build/package_subscriber
[50.705s] DEBUG:colcon.colcon_core.event_handler.log_command:Invoked command in '/home/lin-jiatao/桌面/visual-assessment-freshman-artificial-intelligence-collage-linjiatao/src/ROS2/build/package_subscriber' returned '0': CMAKE_PREFIX_PATH=${CMAKE_PREFIX_PATH}:/opt/ros/jazzy DEBUGINFOD_URLS=https://debuginfod.ubuntu.com /usr/bin/cmake --install /home/lin-jiatao/桌面/visual-assessment-freshman-artificial-intelligence-collage-linjiatao/src/ROS2/build/package_subscriber
[50.715s] Level 1:colcon.colcon_core.environment:create_environment_scripts_only(package_subscriber)
[50.917s] Level 1:colcon.colcon_core.environment:checking '/home/lin-jiatao/桌面/visual-assessment-freshman-artificial-intelligence-collage-linjiatao/src/ROS2/install/package_subscriber' for CMake module files
[50.927s] Level 1:colcon.colcon_core.environment:checking '/home/lin-jiatao/桌面/visual-assessment-freshman-artificial-intelligence-collage-linjiatao/src/ROS2/install/package_subscriber' for CMake config files
[50.932s] Level 1:colcon.colcon_core.shell:create_environment_hook('package_subscriber', 'cmake_prefix_path')
[50.939s] INFO:colcon.colcon_core.shell:Creating environment hook '/home/lin-jiatao/桌面/visual-assessment-freshman-artificial-intelligence-collage-linjiatao/src/ROS2/install/package_subscriber/share/package_subscriber/hook/cmake_prefix_path.ps1'
[50.996s] INFO:colcon.colcon_core.shell:Creating environment descriptor '/home/lin-jiatao/桌面/visual-assessment-freshman-artificial-intelligence-collage-linjiatao/src/ROS2/install/package_subscriber/share/package_subscriber/hook/cmake_prefix_path.dsv'
[51.002s] INFO:colcon.colcon_core.shell:Creating environment hook '/home/lin-jiatao/桌面/visual-assessment-freshman-artificial-intelligence-collage-linjiatao/src/ROS2/install/package_subscriber/share/package_subscriber/hook/cmake_prefix_path.sh'
[51.018s] Level 1:colcon.colcon_core.environment:checking '/home/lin-jiatao/桌面/visual-assessment-freshman-artificial-intelligence-collage-linjiatao/src/ROS2/install/package_subscriber/lib'
[51.020s] Level 1:colcon.colcon_core.environment:checking '/home/lin-jiatao/桌面/visual-assessment-freshman-artificial-intelligence-collage-linjiatao/src/ROS2/install/package_subscriber/bin'
[51.021s] Level 1:colcon.colcon_core.environment:checking '/home/lin-jiatao/桌面/visual-assessment-freshman-artificial-intelligence-collage-linjiatao/src/ROS2/install/package_subscriber/lib/pkgconfig/package_subscriber.pc'
[51.053s] Level 1:colcon.colcon_core.environment:checking '/home/lin-jiatao/桌面/visual-assessment-freshman-artificial-intelligence-collage-linjiatao/src/ROS2/install/package_subscriber/lib/python3.12/site-packages'
[51.055s] Level 1:colcon.colcon_core.environment:checking '/home/lin-jiatao/桌面/visual-assessment-freshman-artificial-intelligence-collage-linjiatao/src/ROS2/install/package_subscriber/bin'
[51.058s] INFO:colcon.colcon_core.shell:Creating package script '/home/lin-jiatao/桌面/visual-assessment-freshman-artificial-intelligence-collage-linjiatao/src/ROS2/install/package_subscriber/share/package_subscriber/package.ps1'
[51.073s] INFO:colcon.colcon_core.shell:Creating package descriptor '/home/lin-jiatao/桌面/visual-assessment-freshman-artificial-intelligence-collage-linjiatao/src/ROS2/install/package_subscriber/share/package_subscriber/package.dsv'
[51.076s] INFO:colcon.colcon_core.shell:Creating package script '/home/lin-jiatao/桌面/visual-assessment-freshman-artificial-intelligence-collage-linjiatao/src/ROS2/install/package_subscriber/share/package_subscriber/package.sh'
[51.081s] INFO:colcon.colcon_core.shell:Creating package script '/home/lin-jiatao/桌面/visual-assessment-freshman-artificial-intelligence-collage-linjiatao/src/ROS2/install/package_subscriber/share/package_subscriber/package.bash'
[51.090s] INFO:colcon.colcon_core.shell:Creating package script '/home/lin-jiatao/桌面/visual-assessment-freshman-artificial-intelligence-collage-linjiatao/src/ROS2/install/package_subscriber/share/package_subscriber/package.zsh'
[51.097s] Level 1:colcon.colcon_core.environment:create_file_with_runtime_dependencies(/home/lin-jiatao/桌面/visual-assessment-freshman-artificial-intelligence-collage-linjiatao/src/ROS2/install/package_subscriber/share/colcon-core/packages/package_subscriber)
[51.137s] Level 1:colcon.colcon_core.environment:create_environment_scripts_only(package_subscriber)
[51.138s] Level 1:colcon.colcon_core.environment:checking '/home/lin-jiatao/桌面/visual-assessment-freshman-artificial-intelligence-collage-linjiatao/src/ROS2/install/package_subscriber' for CMake module files
[51.139s] Level 1:colcon.colcon_core.environment:checking '/home/lin-jiatao/桌面/visual-assessment-freshman-artificial-intelligence-collage-linjiatao/src/ROS2/install/package_subscriber' for CMake config files
[51.141s] Level 1:colcon.colcon_core.shell:create_environment_hook('package_subscriber', 'cmake_prefix_path')
[51.141s] INFO:colcon.colcon_core.shell:Creating environment hook '/home/lin-jiatao/桌面/visual-assessment-freshman-artificial-intelligence-collage-linjiatao/src/ROS2/install/package_subscriber/share/package_subscriber/hook/cmake_prefix_path.ps1'
[51.143s] INFO:colcon.colcon_core.shell:Creating environment descriptor '/home/lin-jiatao/桌面/visual-assessment-freshman-artificial-intelligence-collage-linjiatao/src/ROS2/install/package_subscriber/share/package_subscriber/hook/cmake_prefix_path.dsv'
[51.147s] INFO:colcon.colcon_core.shell:Creating environment hook '/home/lin-jiatao/桌面/visual-assessment-freshman-artificial-intelligence-collage-linjiatao/src/ROS2/install/package_subscriber/share/package_subscriber/hook/cmake_prefix_path.sh'
[51.152s] Level 1:colcon.colcon_core.environment:checking '/home/lin-jiatao/桌面/visual-assessment-freshman-artificial-intelligence-collage-linjiatao/src/ROS2/install/package_subscriber/lib'
[51.153s] Level 1:colcon.colcon_core.environment:checking '/home/lin-jiatao/桌面/visual-assessment-freshman-artificial-intelligence-collage-linjiatao/src/ROS2/install/package_subscriber/bin'
[51.153s] Level 1:colcon.colcon_core.environment:checking '/home/lin-jiatao/桌面/visual-assessment-freshman-artificial-intelligence-collage-linjiatao/src/ROS2/install/package_subscriber/lib/pkgconfig/package_subscriber.pc'
[51.153s] Level 1:colcon.colcon_core.environment:checking '/home/lin-jiatao/桌面/visual-assessment-freshman-artificial-intelligence-collage-linjiatao/src/ROS2/install/package_subscriber/lib/python3.12/site-packages'
[51.154s] Level 1:colcon.colcon_core.environment:checking '/home/lin-jiatao/桌面/visual-assessment-freshman-artificial-intelligence-collage-linjiatao/src/ROS2/install/package_subscriber/bin'
[51.154s] INFO:colcon.colcon_core.shell:Creating package script '/home/lin-jiatao/桌面/visual-assessment-freshman-artificial-intelligence-collage-linjiatao/src/ROS2/install/package_subscriber/share/package_subscriber/package.ps1'
[51.156s] INFO:colcon.colcon_core.shell:Creating package descriptor '/home/lin-jiatao/桌面/visual-assessment-freshman-artificial-intelligence-collage-linjiatao/src/ROS2/install/package_subscriber/share/package_subscriber/package.dsv'
[51.158s] INFO:colcon.colcon_core.shell:Creating package script '/home/lin-jiatao/桌面/visual-assessment-freshman-artificial-intelligence-collage-linjiatao/src/ROS2/install/package_subscriber/share/package_subscriber/package.sh'
[51.160s] INFO:colcon.colcon_core.shell:Creating package script '/home/lin-jiatao/桌面/visual-assessment-freshman-artificial-intelligence-collage-linjiatao/src/ROS2/install/package_subscriber/share/package_subscriber/package.bash'
[51.161s] INFO:colcon.colcon_core.shell:Creating package script '/home/lin-jiatao/桌面/visual-assessment-freshman-artificial-intelligence-collage-linjiatao/src/ROS2/install/package_subscriber/share/package_subscriber/package.zsh'
[51.167s] Level 1:colcon.colcon_core.environment:create_file_with_runtime_dependencies(/home/lin-jiatao/桌面/visual-assessment-freshman-artificial-intelligence-collage-linjiatao/src/ROS2/install/package_subscriber/share/colcon-core/packages/package_subscriber)
[51.174s] DEBUG:colcon.colcon_parallel_executor.executor.parallel:closing loop
[51.186s] DEBUG:colcon.colcon_parallel_executor.executor.parallel:loop closed
[51.187s] DEBUG:colcon.colcon_parallel_executor.executor.parallel:run_until_complete finished with '0'
[51.188s] DEBUG:colcon.colcon_core.event_reactor:joining thread
[51.416s] INFO:colcon.colcon_core.plugin_system:Skipping extension 'colcon_notification.desktop_notification.terminal_notifier': Not used on non-Darwin systems
[51.417s] INFO:colcon.colcon_core.plugin_system:Skipping extension 'colcon_notification.desktop_notification.win32': Not used on non-Windows systems
[51.417s] INFO:colcon.colcon_notification.desktop_notification:Sending desktop notification using 'notify2'
[51.461s] DEBUG:colcon.colcon_core.event_reactor:joined thread
[51.467s] INFO:colcon.colcon_core.shell:Creating prefix script '/home/lin-jiatao/桌面/visual-assessment-freshman-artificial-intelligence-collage-linjiatao/src/ROS2/install/local_setup.ps1'
[51.471s] INFO:colcon.colcon_core.shell:Creating prefix util module '/home/lin-jiatao/桌面/visual-assessment-freshman-artificial-intelligence-collage-linjiatao/src/ROS2/install/_local_setup_util_ps1.py'
[51.476s] INFO:colcon.colcon_core.shell:Creating prefix chain script '/home/lin-jiatao/桌面/visual-assessment-freshman-artificial-intelligence-collage-linjiatao/src/ROS2/install/setup.ps1'
[51.487s] INFO:colcon.colcon_core.shell:Creating prefix script '/home/lin-jiatao/桌面/visual-assessment-freshman-artificial-intelligence-collage-linjiatao/src/ROS2/install/local_setup.sh'
[51.490s] INFO:colcon.colcon_core.shell:Creating prefix util module '/home/lin-jiatao/桌面/visual-assessment-freshman-artificial-intelligence-collage-linjiatao/src/ROS2/install/_local_setup_util_sh.py'
[51.493s] INFO:colcon.colcon_core.shell:Creating prefix chain script '/home/lin-jiatao/桌面/visual-assessment-freshman-artificial-intelligence-collage-linjiatao/src/ROS2/install/setup.sh'
[51.498s] INFO:colcon.colcon_core.shell:Creating prefix script '/home/lin-jiatao/桌面/visual-assessment-freshman-artificial-intelligence-collage-linjiatao/src/ROS2/install/local_setup.bash'
[51.501s] INFO:colcon.colcon_core.shell:Creating prefix chain script '/home/lin-jiatao/桌面/visual-assessment-freshman-artificial-intelligence-collage-linjiatao/src/ROS2/install/setup.bash'
[51.505s] INFO:colcon.colcon_core.shell:Creating prefix script '/home/lin-jiatao/桌面/visual-assessment-freshman-artificial-intelligence-collage-linjiatao/src/ROS2/install/local_setup.zsh'
[51.508s] INFO:colcon.colcon_core.shell:Creating prefix chain script '/home/lin-jiatao/桌面/visual-assessment-freshman-artificial-intelligence-collage-linjiatao/src/ROS2/install/setup.zsh'
