[0.938s] DEBUG:colcon:Command line arguments: ['/usr/bin/colcon', 'build', '--packages-select', 'package_publisher']
[0.938s] DEBUG:colcon:Parsed command line arguments: Namespace(log_base=None, log_level=None, verb_name='build', build_base='build', install_base='install', merge_install=False, symlink_install=False, test_result_base=None, continue_on_error=False, executor='parallel', parallel_workers=4, event_handlers=None, ignore_user_meta=False, metas=['./colcon.meta'], base_paths=['.'], packages_ignore=None, packages_ignore_regex=None, paths=None, packages_up_to=None, packages_up_to_regex=None, packages_above=None, packages_above_and_dependencies=None, packages_above_depth=None, packages_select_by_dep=None, packages_skip_by_dep=None, packages_skip_up_to=None, packages_select_build_failed=False, packages_skip_build_finished=False, packages_select_test_failures=False, packages_skip_test_passed=False, packages_select=['package_publisher'], packages_skip=None, packages_select_regex=None, packages_skip_regex=None, packages_start=None, packages_end=None, allow_overriding=[], cmake_args=None, cmake_target=None, cmake_target_skip_unavailable=False, cmake_clean_cache=False, cmake_clean_first=False, cmake_force_configure=False, ament_cmake_args=None, catkin_cmake_args=None, catkin_skip_building_tests=False, verb_parser=<colcon_defaults.argument_parser.defaults.DefaultArgumentsDecorator object at 0x7c9469290d40>, verb_extension=<colcon_core.verb.build.BuildVerb object at 0x7c9469202b40>, main=<bound method BuildVerb.main of <colcon_core.verb.build.BuildVerb object at 0x7c9469202b40>>)
[1.111s] Level 1:colcon.colcon_core.package_discovery:discover_packages(colcon_meta) check parameters
[1.111s] Level 1:colcon.colcon_core.package_discovery:discover_packages(recursive) check parameters
[1.111s] Level 1:colcon.colcon_core.package_discovery:discover_packages(ignore) check parameters
[1.111s] Level 1:colcon.colcon_core.package_discovery:discover_packages(path) check parameters
[1.111s] Level 1:colcon.colcon_core.package_discovery:discover_packages(colcon_meta) discover
[1.111s] Level 1:colcon.colcon_core.package_discovery:discover_packages(recursive) discover
[1.112s] INFO:colcon.colcon_core.package_discovery:Crawling recursively for packages in '/home/lin-jiatao/桌面/visual-assessment-freshman-artificial-intelligence-collage-linjiatao/src/ROS2'
[1.112s] Level 1:colcon.colcon_core.package_identification:_identify(.) by extensions ['ignore', 'ignore_ament_install']
[1.112s] Level 1:colcon.colcon_core.package_identification:_identify(.) by extension 'ignore'
[1.112s] Level 1:colcon.colcon_core.package_identification:_identify(.) by extension 'ignore_ament_install'
[1.112s] Level 1:colcon.colcon_core.package_identification:_identify(.) by extensions ['colcon_pkg']
[1.112s] Level 1:colcon.colcon_core.package_identification:_identify(.) by extension 'colcon_pkg'
[1.113s] Level 1:colcon.colcon_core.package_identification:_identify(.) by extensions ['colcon_meta']
[1.113s] Level 1:colcon.colcon_core.package_identification:_identify(.) by extension 'colcon_meta'
[1.113s] Level 1:colcon.colcon_core.package_identification:_identify(.) by extensions ['ros']
[1.113s] Level 1:colcon.colcon_core.package_identification:_identify(.) by extension 'ros'
[1.188s] Level 1:colcon.colcon_core.package_identification:_identify(.) by extensions ['cmake', 'python']
[1.189s] Level 1:colcon.colcon_core.package_identification:_identify(.) by extension 'cmake'
[1.189s] Level 1:colcon.colcon_core.package_identification:_identify(.) by extension 'python'
[1.190s] Level 1:colcon.colcon_core.package_identification:_identify(.) by extensions ['python_setup_py']
[1.190s] Level 1:colcon.colcon_core.package_identification:_identify(.) by extension 'python_setup_py'
[1.190s] Level 1:colcon.colcon_core.package_identification:_identify(build) by extensions ['ignore', 'ignore_ament_install']
[1.190s] Level 1:colcon.colcon_core.package_identification:_identify(build) by extension 'ignore'
[1.190s] Level 1:colcon.colcon_core.package_identification:_identify(build) ignored
[1.190s] Level 1:colcon.colcon_core.package_identification:_identify(install) by extensions ['ignore', 'ignore_ament_install']
[1.191s] Level 1:colcon.colcon_core.package_identification:_identify(install) by extension 'ignore'
[1.191s] Level 1:colcon.colcon_core.package_identification:_identify(install) ignored
[1.191s] Level 1:colcon.colcon_core.package_identification:_identify(log) by extensions ['ignore', 'ignore_ament_install']
[1.191s] Level 1:colcon.colcon_core.package_identification:_identify(log) by extension 'ignore'
[1.191s] Level 1:colcon.colcon_core.package_identification:_identify(log) ignored
[1.191s] Level 1:colcon.colcon_core.package_identification:_identify(package_publisher) by extensions ['ignore', 'ignore_ament_install']
[1.192s] Level 1:colcon.colcon_core.package_identification:_identify(package_publisher) by extension 'ignore'
[1.192s] Level 1:colcon.colcon_core.package_identification:_identify(package_publisher) by extension 'ignore_ament_install'
[1.192s] Level 1:colcon.colcon_core.package_identification:_identify(package_publisher) by extensions ['colcon_pkg']
[1.192s] Level 1:colcon.colcon_core.package_identification:_identify(package_publisher) by extension 'colcon_pkg'
[1.192s] Level 1:colcon.colcon_core.package_identification:_identify(package_publisher) by extensions ['colcon_meta']
[1.192s] Level 1:colcon.colcon_core.package_identification:_identify(package_publisher) by extension 'colcon_meta'
[1.192s] Level 1:colcon.colcon_core.package_identification:_identify(package_publisher) by extensions ['ros']
[1.192s] Level 1:colcon.colcon_core.package_identification:_identify(package_publisher) by extension 'ros'
[1.203s] DEBUG:colcon.colcon_core.package_identification:Package 'package_publisher' with type 'ros.ament_cmake' and name 'package_publisher'
[1.203s] Level 1:colcon.colcon_core.package_identification:_identify(package_subscriber) by extensions ['ignore', 'ignore_ament_install']
[1.204s] Level 1:colcon.colcon_core.package_identification:_identify(package_subscriber) by extension 'ignore'
[1.204s] Level 1:colcon.colcon_core.package_identification:_identify(package_subscriber) by extension 'ignore_ament_install'
[1.204s] Level 1:colcon.colcon_core.package_identification:_identify(package_subscriber) by extensions ['colcon_pkg']
[1.204s] Level 1:colcon.colcon_core.package_identification:_identify(package_subscriber) by extension 'colcon_pkg'
[1.204s] Level 1:colcon.colcon_core.package_identification:_identify(package_subscriber) by extensions ['colcon_meta']
[1.204s] Level 1:colcon.colcon_core.package_identification:_identify(package_subscriber) by extension 'colcon_meta'
[1.204s] Level 1:colcon.colcon_core.package_identification:_identify(package_subscriber) by extensions ['ros']
[1.205s] Level 1:colcon.colcon_core.package_identification:_identify(package_subscriber) by extension 'ros'
[1.207s] DEBUG:colcon.colcon_core.package_identification:Package 'package_subscriber' with type 'ros.ament_cmake' and name 'package_subscriber'
[1.207s] Level 1:colcon.colcon_core.package_discovery:discover_packages(recursive) using defaults
[1.207s] Level 1:colcon.colcon_core.package_discovery:discover_packages(ignore) discover
[1.207s] Level 1:colcon.colcon_core.package_discovery:discover_packages(ignore) using defaults
[1.207s] Level 1:colcon.colcon_core.package_discovery:discover_packages(path) discover
[1.208s] Level 1:colcon.colcon_core.package_discovery:discover_packages(path) using defaults
[1.283s] INFO:colcon.colcon_core.package_selection:Skipping not selected package 'package_subscriber' in 'package_subscriber'
[1.285s] Level 1:colcon.colcon_core.package_discovery:discover_packages(prefix_path) check parameters
[1.285s] Level 1:colcon.colcon_core.package_discovery:discover_packages(prefix_path) discover
[1.297s] DEBUG:colcon.colcon_installed_package_information.package_discovery:Found 2 installed packages in /home/lin-jiatao/桌面/visual-assessment-freshman-artificial-intelligence-collage-linjiatao/src/ROS2/install
[1.304s] DEBUG:colcon.colcon_installed_package_information.package_discovery:Found 287 installed packages in /opt/ros/jazzy
[1.306s] Level 1:colcon.colcon_core.package_discovery:discover_packages(prefix_path) using defaults
[1.592s] Level 5:colcon.colcon_core.verb:set package 'package_publisher' build argument 'cmake_args' from command line to 'None'
[1.592s] Level 5:colcon.colcon_core.verb:set package 'package_publisher' build argument 'cmake_target' from command line to 'None'
[1.592s] Level 5:colcon.colcon_core.verb:set package 'package_publisher' build argument 'cmake_target_skip_unavailable' from command line to 'False'
[1.592s] Level 5:colcon.colcon_core.verb:set package 'package_publisher' build argument 'cmake_clean_cache' from command line to 'False'
[1.592s] Level 5:colcon.colcon_core.verb:set package 'package_publisher' build argument 'cmake_clean_first' from command line to 'False'
[1.592s] Level 5:colcon.colcon_core.verb:set package 'package_publisher' build argument 'cmake_force_configure' from command line to 'False'
[1.592s] Level 5:colcon.colcon_core.verb:set package 'package_publisher' build argument 'ament_cmake_args' from command line to 'None'
[1.592s] Level 5:colcon.colcon_core.verb:set package 'package_publisher' build argument 'catkin_cmake_args' from command line to 'None'
[1.592s] Level 5:colcon.colcon_core.verb:set package 'package_publisher' build argument 'catkin_skip_building_tests' from command line to 'False'
[1.593s] DEBUG:colcon.colcon_core.verb:Building package 'package_publisher' with the following arguments: {'ament_cmake_args': None, 'build_base': '/home/lin-jiatao/桌面/visual-assessment-freshman-artificial-intelligence-collage-linjiatao/src/ROS2/build/package_publisher', 'catkin_cmake_args': None, 'catkin_skip_building_tests': False, 'cmake_args': None, 'cmake_clean_cache': False, 'cmake_clean_first': False, 'cmake_force_configure': False, 'cmake_target': None, 'cmake_target_skip_unavailable': False, 'install_base': '/home/lin-jiatao/桌面/visual-assessment-freshman-artificial-intelligence-collage-linjiatao/src/ROS2/install/package_publisher', 'merge_install': False, 'path': '/home/lin-jiatao/桌面/visual-assessment-freshman-artificial-intelligence-collage-linjiatao/src/ROS2/package_publisher', 'symlink_install': False, 'test_result_base': None}
[1.593s] INFO:colcon.colcon_core.executor:Executing jobs using 'parallel' executor
[1.595s] DEBUG:colcon.colcon_parallel_executor.executor.parallel:run_until_complete
[1.596s] INFO:colcon.colcon_ros.task.ament_cmake.build:Building ROS package in '/home/lin-jiatao/桌面/visual-assessment-freshman-artificial-intelligence-collage-linjiatao/src/ROS2/package_publisher' with build type 'ament_cmake'
[1.596s] INFO:colcon.colcon_cmake.task.cmake.build:Building CMake package in '/home/lin-jiatao/桌面/visual-assessment-freshman-artificial-intelligence-collage-linjiatao/src/ROS2/package_publisher'
[1.614s] INFO:colcon.colcon_core.plugin_system:Skipping extension 'colcon_core.shell.bat': Not used on non-Windows systems
[1.614s] INFO:colcon.colcon_core.shell:Skip shell extension 'powershell' for command environment: Not usable outside of PowerShell
[1.614s] DEBUG:colcon.colcon_core.shell:Skip shell extension 'dsv' for command environment
[1.650s] DEBUG:colcon.colcon_core.event_handler.log_command:Invoking command in '/home/lin-jiatao/桌面/visual-assessment-freshman-artificial-intelligence-collage-linjiatao/src/ROS2/build/package_publisher': CMAKE_PREFIX_PATH=${CMAKE_PREFIX_PATH}:/opt/ros/jazzy DEBUGINFOD_URLS=https://debuginfod.ubuntu.com /usr/bin/cmake --build /home/lin-jiatao/桌面/visual-assessment-freshman-artificial-intelligence-collage-linjiatao/src/ROS2/build/package_publisher -- -j4 -l4
[19.297s] DEBUG:colcon.colcon_core.event_handler.log_command:Invoked command in '/home/lin-jiatao/桌面/visual-assessment-freshman-artificial-intelligence-collage-linjiatao/src/ROS2/build/package_publisher' returned '0': CMAKE_PREFIX_PATH=${CMAKE_PREFIX_PATH}:/opt/ros/jazzy DEBUGINFOD_URLS=https://debuginfod.ubuntu.com /usr/bin/cmake --build /home/lin-jiatao/桌面/visual-assessment-freshman-artificial-intelligence-collage-linjiatao/src/ROS2/build/package_publisher -- -j4 -l4
[19.327s] DEBUG:colcon.colcon_core.event_handler.log_command:Invoking command in '/home/lin-jiatao/桌面/visual-assessment-freshman-artificial-intelligence-collage-linjiatao/src/ROS2/build/package_publisher': CMAKE_PREFIX_PATH=${CMAKE_PREFIX_PATH}:/opt/ros/jazzy DEBUGINFOD_URLS=https://debuginfod.ubuntu.com /usr/bin/cmake --install /home/lin-jiatao/桌面/visual-assessment-freshman-artificial-intelligence-collage-linjiatao/src/ROS2/build/package_publisher
[19.370s] Level 1:colcon.colcon_core.environment:create_environment_scripts_only(package_publisher)
[19.372s] DEBUG:colcon.colcon_core.event_handler.log_command:Invoked command in '/home/lin-jiatao/桌面/visual-assessment-freshman-artificial-intelligence-collage-linjiatao/src/ROS2/build/package_publisher' returned '0': CMAKE_PREFIX_PATH=${CMAKE_PREFIX_PATH}:/opt/ros/jazzy DEBUGINFOD_URLS=https://debuginfod.ubuntu.com /usr/bin/cmake --install /home/lin-jiatao/桌面/visual-assessment-freshman-artificial-intelligence-collage-linjiatao/src/ROS2/build/package_publisher
[19.394s] Level 1:colcon.colcon_core.environment:checking '/home/lin-jiatao/桌面/visual-assessment-freshman-artificial-intelligence-collage-linjiatao/src/ROS2/install/package_publisher' for CMake module files
[19.395s] Level 1:colcon.colcon_core.environment:checking '/home/lin-jiatao/桌面/visual-assessment-freshman-artificial-intelligence-collage-linjiatao/src/ROS2/install/package_publisher' for CMake config files
[19.396s] Level 1:colcon.colcon_core.shell:create_environment_hook('package_publisher', 'cmake_prefix_path')
[19.397s] INFO:colcon.colcon_core.shell:Creating environment hook '/home/lin-jiatao/桌面/visual-assessment-freshman-artificial-intelligence-collage-linjiatao/src/ROS2/install/package_publisher/share/package_publisher/hook/cmake_prefix_path.ps1'
[19.401s] INFO:colcon.colcon_core.shell:Creating environment descriptor '/home/lin-jiatao/桌面/visual-assessment-freshman-artificial-intelligence-collage-linjiatao/src/ROS2/install/package_publisher/share/package_publisher/hook/cmake_prefix_path.dsv'
[19.404s] INFO:colcon.colcon_core.shell:Creating environment hook '/home/lin-jiatao/桌面/visual-assessment-freshman-artificial-intelligence-collage-linjiatao/src/ROS2/install/package_publisher/share/package_publisher/hook/cmake_prefix_path.sh'
[19.407s] Level 1:colcon.colcon_core.environment:checking '/home/lin-jiatao/桌面/visual-assessment-freshman-artificial-intelligence-collage-linjiatao/src/ROS2/install/package_publisher/lib'
[19.408s] Level 1:colcon.colcon_core.environment:checking '/home/lin-jiatao/桌面/visual-assessment-freshman-artificial-intelligence-collage-linjiatao/src/ROS2/install/package_publisher/bin'
[19.408s] Level 1:colcon.colcon_core.environment:checking '/home/lin-jiatao/桌面/visual-assessment-freshman-artificial-intelligence-collage-linjiatao/src/ROS2/install/package_publisher/lib/pkgconfig/package_publisher.pc'
[19.408s] Level 1:colcon.colcon_core.environment:checking '/home/lin-jiatao/桌面/visual-assessment-freshman-artificial-intelligence-collage-linjiatao/src/ROS2/install/package_publisher/lib/python3.12/site-packages'
[19.409s] Level 1:colcon.colcon_core.environment:checking '/home/lin-jiatao/桌面/visual-assessment-freshman-artificial-intelligence-collage-linjiatao/src/ROS2/install/package_publisher/bin'
[19.410s] INFO:colcon.colcon_core.shell:Creating package script '/home/lin-jiatao/桌面/visual-assessment-freshman-artificial-intelligence-collage-linjiatao/src/ROS2/install/package_publisher/share/package_publisher/package.ps1'
[19.412s] INFO:colcon.colcon_core.shell:Creating package descriptor '/home/lin-jiatao/桌面/visual-assessment-freshman-artificial-intelligence-collage-linjiatao/src/ROS2/install/package_publisher/share/package_publisher/package.dsv'
[19.415s] INFO:colcon.colcon_core.shell:Creating package script '/home/lin-jiatao/桌面/visual-assessment-freshman-artificial-intelligence-collage-linjiatao/src/ROS2/install/package_publisher/share/package_publisher/package.sh'
[19.418s] INFO:colcon.colcon_core.shell:Creating package script '/home/lin-jiatao/桌面/visual-assessment-freshman-artificial-intelligence-collage-linjiatao/src/ROS2/install/package_publisher/share/package_publisher/package.bash'
[19.421s] INFO:colcon.colcon_core.shell:Creating package script '/home/lin-jiatao/桌面/visual-assessment-freshman-artificial-intelligence-collage-linjiatao/src/ROS2/install/package_publisher/share/package_publisher/package.zsh'
[19.424s] Level 1:colcon.colcon_core.environment:create_file_with_runtime_dependencies(/home/lin-jiatao/桌面/visual-assessment-freshman-artificial-intelligence-collage-linjiatao/src/ROS2/install/package_publisher/share/colcon-core/packages/package_publisher)
[19.426s] Level 1:colcon.colcon_core.environment:create_environment_scripts_only(package_publisher)
[19.426s] Level 1:colcon.colcon_core.environment:checking '/home/lin-jiatao/桌面/visual-assessment-freshman-artificial-intelligence-collage-linjiatao/src/ROS2/install/package_publisher' for CMake module files
[19.427s] Level 1:colcon.colcon_core.environment:checking '/home/lin-jiatao/桌面/visual-assessment-freshman-artificial-intelligence-collage-linjiatao/src/ROS2/install/package_publisher' for CMake config files
[19.428s] Level 1:colcon.colcon_core.shell:create_environment_hook('package_publisher', 'cmake_prefix_path')
[19.428s] INFO:colcon.colcon_core.shell:Creating environment hook '/home/lin-jiatao/桌面/visual-assessment-freshman-artificial-intelligence-collage-linjiatao/src/ROS2/install/package_publisher/share/package_publisher/hook/cmake_prefix_path.ps1'
[19.429s] INFO:colcon.colcon_core.shell:Creating environment descriptor '/home/lin-jiatao/桌面/visual-assessment-freshman-artificial-intelligence-collage-linjiatao/src/ROS2/install/package_publisher/share/package_publisher/hook/cmake_prefix_path.dsv'
[19.430s] INFO:colcon.colcon_core.shell:Creating environment hook '/home/lin-jiatao/桌面/visual-assessment-freshman-artificial-intelligence-collage-linjiatao/src/ROS2/install/package_publisher/share/package_publisher/hook/cmake_prefix_path.sh'
[19.432s] Level 1:colcon.colcon_core.environment:checking '/home/lin-jiatao/桌面/visual-assessment-freshman-artificial-intelligence-collage-linjiatao/src/ROS2/install/package_publisher/lib'
[19.432s] Level 1:colcon.colcon_core.environment:checking '/home/lin-jiatao/桌面/visual-assessment-freshman-artificial-intelligence-collage-linjiatao/src/ROS2/install/package_publisher/bin'
[19.433s] Level 1:colcon.colcon_core.environment:checking '/home/lin-jiatao/桌面/visual-assessment-freshman-artificial-intelligence-collage-linjiatao/src/ROS2/install/package_publisher/lib/pkgconfig/package_publisher.pc'
[19.433s] Level 1:colcon.colcon_core.environment:checking '/home/lin-jiatao/桌面/visual-assessment-freshman-artificial-intelligence-collage-linjiatao/src/ROS2/install/package_publisher/lib/python3.12/site-packages'
[19.434s] Level 1:colcon.colcon_core.environment:checking '/home/lin-jiatao/桌面/visual-assessment-freshman-artificial-intelligence-collage-linjiatao/src/ROS2/install/package_publisher/bin'
[19.434s] INFO:colcon.colcon_core.shell:Creating package script '/home/lin-jiatao/桌面/visual-assessment-freshman-artificial-intelligence-collage-linjiatao/src/ROS2/install/package_publisher/share/package_publisher/package.ps1'
[19.435s] INFO:colcon.colcon_core.shell:Creating package descriptor '/home/lin-jiatao/桌面/visual-assessment-freshman-artificial-intelligence-collage-linjiatao/src/ROS2/install/package_publisher/share/package_publisher/package.dsv'
[19.437s] INFO:colcon.colcon_core.shell:Creating package script '/home/lin-jiatao/桌面/visual-assessment-freshman-artificial-intelligence-collage-linjiatao/src/ROS2/install/package_publisher/share/package_publisher/package.sh'
[19.438s] INFO:colcon.colcon_core.shell:Creating package script '/home/lin-jiatao/桌面/visual-assessment-freshman-artificial-intelligence-collage-linjiatao/src/ROS2/install/package_publisher/share/package_publisher/package.bash'
[19.439s] INFO:colcon.colcon_core.shell:Creating package script '/home/lin-jiatao/桌面/visual-assessment-freshman-artificial-intelligence-collage-linjiatao/src/ROS2/install/package_publisher/share/package_publisher/package.zsh'
[19.440s] Level 1:colcon.colcon_core.environment:create_file_with_runtime_dependencies(/home/lin-jiatao/桌面/visual-assessment-freshman-artificial-intelligence-collage-linjiatao/src/ROS2/install/package_publisher/share/colcon-core/packages/package_publisher)
[19.443s] DEBUG:colcon.colcon_parallel_executor.executor.parallel:closing loop
[19.443s] DEBUG:colcon.colcon_parallel_executor.executor.parallel:loop closed
[19.445s] DEBUG:colcon.colcon_parallel_executor.executor.parallel:run_until_complete finished with '0'
[19.445s] DEBUG:colcon.colcon_core.event_reactor:joining thread
[19.479s] INFO:colcon.colcon_core.plugin_system:Skipping extension 'colcon_notification.desktop_notification.terminal_notifier': Not used on non-Darwin systems
[19.480s] INFO:colcon.colcon_core.plugin_system:Skipping extension 'colcon_notification.desktop_notification.win32': Not used on non-Windows systems
[19.480s] INFO:colcon.colcon_notification.desktop_notification:Sending desktop notification using 'notify2'
[19.678s] DEBUG:colcon.colcon_core.event_reactor:joined thread
[19.678s] INFO:colcon.colcon_core.shell:Creating prefix script '/home/lin-jiatao/桌面/visual-assessment-freshman-artificial-intelligence-collage-linjiatao/src/ROS2/install/local_setup.ps1'
[19.683s] INFO:colcon.colcon_core.shell:Creating prefix util module '/home/lin-jiatao/桌面/visual-assessment-freshman-artificial-intelligence-collage-linjiatao/src/ROS2/install/_local_setup_util_ps1.py'
[19.688s] INFO:colcon.colcon_core.shell:Creating prefix chain script '/home/lin-jiatao/桌面/visual-assessment-freshman-artificial-intelligence-collage-linjiatao/src/ROS2/install/setup.ps1'
[19.691s] INFO:colcon.colcon_core.shell:Creating prefix script '/home/lin-jiatao/桌面/visual-assessment-freshman-artificial-intelligence-collage-linjiatao/src/ROS2/install/local_setup.sh'
[19.698s] INFO:colcon.colcon_core.shell:Creating prefix util module '/home/lin-jiatao/桌面/visual-assessment-freshman-artificial-intelligence-collage-linjiatao/src/ROS2/install/_local_setup_util_sh.py'
[19.701s] INFO:colcon.colcon_core.shell:Creating prefix chain script '/home/lin-jiatao/桌面/visual-assessment-freshman-artificial-intelligence-collage-linjiatao/src/ROS2/install/setup.sh'
[19.707s] INFO:colcon.colcon_core.shell:Creating prefix script '/home/lin-jiatao/桌面/visual-assessment-freshman-artificial-intelligence-collage-linjiatao/src/ROS2/install/local_setup.bash'
[19.710s] INFO:colcon.colcon_core.shell:Creating prefix chain script '/home/lin-jiatao/桌面/visual-assessment-freshman-artificial-intelligence-collage-linjiatao/src/ROS2/install/setup.bash'
[19.718s] INFO:colcon.colcon_core.shell:Creating prefix script '/home/lin-jiatao/桌面/visual-assessment-freshman-artificial-intelligence-collage-linjiatao/src/ROS2/install/local_setup.zsh'
[19.723s] INFO:colcon.colcon_core.shell:Creating prefix chain script '/home/lin-jiatao/桌面/visual-assessment-freshman-artificial-intelligence-collage-linjiatao/src/ROS2/install/setup.zsh'
