[0.128s] Invoking command in '/home/lin-jiatao/桌面/visual-assessment-freshman-artificial-intelligence-collage-linjiatao/src/ROS2/build/package_publisher': CMAKE_PREFIX_PATH=${CMAKE_PREFIX_PATH}:/opt/ros/jazzy DEBUGINFOD_URLS=https://debuginfod.ubuntu.com /usr/bin/cmake --build /home/lin-jiatao/桌面/visual-assessment-freshman-artificial-intelligence-collage-linjiatao/src/ROS2/build/package_publisher -- -j4 -l4
[1.036s] [ 50%] [32mBuilding CXX object CMakeFiles/Node_publisher.dir/src/Node_publisher.cpp.o[0m
[40.830s] [100%] [32m[1mLinking CXX executable Node_publisher[0m
[42.721s] [100%] Built target Node_publisher
[42.761s] Invoked command in '/home/lin-jiatao/桌面/visual-assessment-freshman-artificial-intelligence-collage-linjiatao/src/ROS2/build/package_publisher' returned '0': CMAKE_PREFIX_PATH=${CMAKE_PREFIX_PATH}:/opt/ros/jazzy DEBUGINFOD_URLS=https://debuginfod.ubuntu.com /usr/bin/cmake --build /home/lin-jiatao/桌面/visual-assessment-freshman-artificial-intelligence-collage-linjiatao/src/ROS2/build/package_publisher -- -j4 -l4
[42.795s] Invoking command in '/home/lin-jiatao/桌面/visual-assessment-freshman-artificial-intelligence-collage-linjiatao/src/ROS2/build/package_publisher': CMAKE_PREFIX_PATH=${CMAKE_PREFIX_PATH}:/opt/ros/jazzy DEBUGINFOD_URLS=https://debuginfod.ubuntu.com /usr/bin/cmake --install /home/lin-jiatao/桌面/visual-assessment-freshman-artificial-intelligence-collage-linjiatao/src/ROS2/build/package_publisher
[42.821s] -- Install configuration: ""
[42.829s] -- Installing: /home/lin-jiatao/桌面/visual-assessment-freshman-artificial-intelligence-collage-linjiatao/src/ROS2/install/package_publisher/lib/package_publisher/Node_publisher
[42.839s] -- Set non-toolchain portion of runtime path of "/home/lin-jiatao/桌面/visual-assessment-freshman-artificial-intelligence-collage-linjiatao/src/ROS2/install/package_publisher/lib/package_publisher/Node_publisher" to ""
[42.840s] -- Up-to-date: /home/lin-jiatao/桌面/visual-assessment-freshman-artificial-intelligence-collage-linjiatao/src/ROS2/install/package_publisher/share/package_publisher/image
[42.843s] -- Up-to-date: /home/lin-jiatao/桌面/visual-assessment-freshman-artificial-intelligence-collage-linjiatao/src/ROS2/install/package_publisher/share/package_publisher/image/image.png
[42.845s] -- Up-to-date: /home/lin-jiatao/桌面/visual-assessment-freshman-artificial-intelligence-collage-linjiatao/src/ROS2/install/package_publisher/share/ament_index/resource_index/package_run_dependencies/package_publisher
[42.845s] -- Up-to-date: /home/lin-jiatao/桌面/visual-assessment-freshman-artificial-intelligence-collage-linjiatao/src/ROS2/install/package_publisher/share/ament_index/resource_index/parent_prefix_path/package_publisher
[42.850s] -- Up-to-date: /home/lin-jiatao/桌面/visual-assessment-freshman-artificial-intelligence-collage-linjiatao/src/ROS2/install/package_publisher/share/package_publisher/environment/ament_prefix_path.sh
[42.850s] -- Up-to-date: /home/lin-jiatao/桌面/visual-assessment-freshman-artificial-intelligence-collage-linjiatao/src/ROS2/install/package_publisher/share/package_publisher/environment/ament_prefix_path.dsv
[42.850s] -- Up-to-date: /home/lin-jiatao/桌面/visual-assessment-freshman-artificial-intelligence-collage-linjiatao/src/ROS2/install/package_publisher/share/package_publisher/environment/path.sh
[42.854s] -- Up-to-date: /home/lin-jiatao/桌面/visual-assessment-freshman-artificial-intelligence-collage-linjiatao/src/ROS2/install/package_publisher/share/package_publisher/environment/path.dsv
[42.854s] -- Up-to-date: /home/lin-jiatao/桌面/visual-assessment-freshman-artificial-intelligence-collage-linjiatao/src/ROS2/install/package_publisher/share/package_publisher/local_setup.bash
[42.854s] -- Up-to-date: /home/lin-jiatao/桌面/visual-assessment-freshman-artificial-intelligence-collage-linjiatao/src/ROS2/install/package_publisher/share/package_publisher/local_setup.sh
[42.854s] -- Up-to-date: /home/lin-jiatao/桌面/visual-assessment-freshman-artificial-intelligence-collage-linjiatao/src/ROS2/install/package_publisher/share/package_publisher/local_setup.zsh
[42.858s] -- Up-to-date: /home/lin-jiatao/桌面/visual-assessment-freshman-artificial-intelligence-collage-linjiatao/src/ROS2/install/package_publisher/share/package_publisher/local_setup.dsv
[42.860s] -- Installing: /home/lin-jiatao/桌面/visual-assessment-freshman-artificial-intelligence-collage-linjiatao/src/ROS2/install/package_publisher/share/package_publisher/package.dsv
[42.860s] -- Up-to-date: /home/lin-jiatao/桌面/visual-assessment-freshman-artificial-intelligence-collage-linjiatao/src/ROS2/install/package_publisher/share/ament_index/resource_index/packages/package_publisher
[42.860s] -- Up-to-date: /home/lin-jiatao/桌面/visual-assessment-freshman-artificial-intelligence-collage-linjiatao/src/ROS2/install/package_publisher/share/package_publisher/cmake/package_publisherConfig.cmake
[42.861s] -- Up-to-date: /home/lin-jiatao/桌面/visual-assessment-freshman-artificial-intelligence-collage-linjiatao/src/ROS2/install/package_publisher/share/package_publisher/cmake/package_publisherConfig-version.cmake
[42.865s] -- Up-to-date: /home/lin-jiatao/桌面/visual-assessment-freshman-artificial-intelligence-collage-linjiatao/src/ROS2/install/package_publisher/share/package_publisher/package.xml
[42.873s] Invoked command in '/home/lin-jiatao/桌面/visual-assessment-freshman-artificial-intelligence-collage-linjiatao/src/ROS2/build/package_publisher' returned '0': CMAKE_PREFIX_PATH=${CMAKE_PREFIX_PATH}:/opt/ros/jazzy DEBUGINFOD_URLS=https://debuginfod.ubuntu.com /usr/bin/cmake --install /home/lin-jiatao/桌面/visual-assessment-freshman-artificial-intelligence-collage-linjiatao/src/ROS2/build/package_publisher
